11:07:50 **** Incremental Build of configuration Nios II for project gestion_verin ****
make all 
Info: Building ../gestion_verin_bsp/
C:/intelFPGA_lite/18.0/nios2eds/bin/gnu/H-x86_64-mingw32/bin/make --no-print-directory -C ../gestion_verin_bsp/
[BSP build complete]
[gestion_verin build complete]
11:10:36 **** Build of configuration Nios II for project gestion_verin ****
make all 
Info: Building ../gestion_verin_bsp/
C:/intelFPGA_lite/18.0/nios2eds/bin/gnu/H-x86_64-mingw32/bin/make --no-print-directory -C ../gestion_verin_bsp/
[BSP build complete]
[gestion_verin build complete]
11:12:36 **** Build of configuration Nios II for project gestion_verin ****
make all 
Info: Building ../gestion_verin_bsp/
C:/intelFPGA_lite/18.0/nios2eds/bin/gnu/H-x86_64-mingw32/bin/make --no-print-directory -C ../gestion_verin_bsp/
[BSP build complete]
[gestion_verin build complete]
11:13:43 **** Incremental Build of configuration Nios II for project gestion_verin ****
make all 
Info: Building ../gestion_verin_bsp/
C:/intelFPGA_lite/18.0/nios2eds/bin/gnu/H-x86_64-mingw32/bin/make --no-print-directory -C ../gestion_verin_bsp/
[BSP build complete]
[gestion_verin build complete]
