Classic Timing Analyzer report for projet1tp
Tue Sep 10 08:32:10 2024
Quartus II Version 9.0 Build 235 06/17/2009 Service Pack 2 SJ Web Edition


---------------------
; Table of Contents ;
---------------------
  1. Legal Notice
  2. Timing Analyzer Summary
  3. Timing Analyzer Settings
  4. Clock Settings Summary
  5. Parallel Compilation
  6. Clock Setup: 'clk_50Mhz'
  7. tco
  8. Timing Analyzer Messages



----------------
; Legal Notice ;
----------------
Copyright (C) 1991-2009 Altera Corporation
Your use of Altera Corporation's design tools, logic functions 
and other software and tools, and its AMPP partner logic 
functions, and any output files from any of the foregoing 
(including device programming or simulation files), and any 
associated documentation or information are expressly subject 
to the terms and conditions of the Altera Program License 
Subscription Agreement, Altera MegaCore Function License 
Agreement, or other applicable license agreement, including, 
without limitation, that your use is for the sole purpose of 
programming logic devices manufactured by Altera and sold by 
Altera or its authorized distributors.  Please refer to the 
applicable agreement for further details.



+------------------------------------------------------------------------------------------------------------------------------------------------------------------------------------+
; Timing Analyzer Summary                                                                                                                                                            ;
+------------------------------+-------+---------------+----------------------------------+------------------------+-------------------------+------------+-----------+--------------+
; Type                         ; Slack ; Required Time ; Actual Time                      ; From                   ; To                      ; From Clock ; To Clock  ; Failed Paths ;
+------------------------------+-------+---------------+----------------------------------+------------------------+-------------------------+------------+-----------+--------------+
; Worst-case tco               ; N/A   ; None          ; 11.151 ns                        ; compteur:inst2|comp[2] ; seg_out_TOP[0]          ; clk_50Mhz  ; --        ; 0            ;
; Clock Setup: 'clk_50Mhz'     ; N/A   ; None          ; 176.30 MHz ( period = 5.672 ns ) ; diviseur:inst1|comp[0] ; diviseur:inst1|comp[18] ; clk_50Mhz  ; clk_50Mhz ; 0            ;
; Total number of failed paths ;       ;               ;                                  ;                        ;                         ;            ;           ; 0            ;
+------------------------------+-------+---------------+----------------------------------+------------------------+-------------------------+------------+-----------+--------------+


+--------------------------------------------------------------------------------------------------------------------+
; Timing Analyzer Settings                                                                                           ;
+---------------------------------------------------------------------+--------------------+------+----+-------------+
; Option                                                              ; Setting            ; From ; To ; Entity Name ;
+---------------------------------------------------------------------+--------------------+------+----+-------------+
; Device Name                                                         ; EP2C35F672C6       ;      ;    ;             ;
; Timing Models                                                       ; Final              ;      ;    ;             ;
; Default hold multicycle                                             ; Same as Multicycle ;      ;    ;             ;
; Cut paths between unrelated clock domains                           ; On                 ;      ;    ;             ;
; Cut off read during write signal paths                              ; On                 ;      ;    ;             ;
; Cut off feedback from I/O pins                                      ; On                 ;      ;    ;             ;
; Report Combined Fast/Slow Timing                                    ; Off                ;      ;    ;             ;
; Ignore Clock Settings                                               ; Off                ;      ;    ;             ;
; Analyze latches as synchronous elements                             ; On                 ;      ;    ;             ;
; Enable Recovery/Removal analysis                                    ; Off                ;      ;    ;             ;
; Enable Clock Latency                                                ; Off                ;      ;    ;             ;
; Use TimeQuest Timing Analyzer                                       ; Off                ;      ;    ;             ;
; Minimum Core Junction Temperature                                   ; 0                  ;      ;    ;             ;
; Maximum Core Junction Temperature                                   ; 85                 ;      ;    ;             ;
; Number of source nodes to report per destination node               ; 10                 ;      ;    ;             ;
; Number of destination nodes to report                               ; 10                 ;      ;    ;             ;
; Number of paths to report                                           ; 200                ;      ;    ;             ;
; Report Minimum Timing Checks                                        ; Off                ;      ;    ;             ;
; Use Fast Timing Models                                              ; Off                ;      ;    ;             ;
; Report IO Paths Separately                                          ; Off                ;      ;    ;             ;
; Perform Multicorner Analysis                                        ; On                 ;      ;    ;             ;
; Reports the worst-case path for each clock domain and analysis      ; Off                ;      ;    ;             ;
; Removes common clock path pessimism (CCPP) during slack computation ; Off                ;      ;    ;             ;
; Output I/O Timing Endpoint                                          ; Near End           ;      ;    ;             ;
+---------------------------------------------------------------------+--------------------+------+----+-------------+


+------------------------------------------------------------------------------------------------------------------------------------------------------------------------------------+
; Clock Settings Summary                                                                                                                                                             ;
+-----------------+--------------------+----------+------------------+---------------+--------------+----------+-----------------------+---------------------+--------+--------------+
; Clock Node Name ; Clock Setting Name ; Type     ; Fmax Requirement ; Early Latency ; Late Latency ; Based on ; Multiply Base Fmax by ; Divide Base Fmax by ; Offset ; Phase offset ;
+-----------------+--------------------+----------+------------------+---------------+--------------+----------+-----------------------+---------------------+--------+--------------+
; clk_50Mhz       ;                    ; User Pin ; None             ; 0.000 ns      ; 0.000 ns     ; --       ; N/A                   ; N/A                 ; N/A    ;              ;
+-----------------+--------------------+----------+------------------+---------------+--------------+----------+-----------------------+---------------------+--------+--------------+


Parallel compilation was disabled, but you have multiple processors available. Enable parallel compilation to reduce compilation time.
+-------------------------------------+
; Parallel Compilation                ;
+----------------------------+--------+
; Processors                 ; Number ;
+----------------------------+--------+
; Number detected on machine ; 4      ;
; Maximum allowed            ; 1      ;
+----------------------------+--------+


+----------------------------------------------------------------------------------------------------------------------------------------------------------------------------------------------------------------------------------------------------------------+
; Clock Setup: 'clk_50Mhz'                                                                                                                                                                                                                                       ;
+-----------------------------------------+-----------------------------------------------------+-------------------------+-------------------------+------------+-----------+-----------------------------+---------------------------+-------------------------+
; Slack                                   ; Actual fmax (period)                                ; From                    ; To                      ; From Clock ; To Clock  ; Required Setup Relationship ; Required Longest P2P Time ; Actual Longest P2P Time ;
+-----------------------------------------+-----------------------------------------------------+-------------------------+-------------------------+------------+-----------+-----------------------------+---------------------------+-------------------------+
; N/A                                     ; 176.30 MHz ( period = 5.672 ns )                    ; diviseur:inst1|comp[0]  ; diviseur:inst1|comp[18] ; clk_50Mhz  ; clk_50Mhz ; None                        ; None                      ; 5.461 ns                ;
; N/A                                     ; 176.34 MHz ( period = 5.671 ns )                    ; diviseur:inst1|comp[0]  ; diviseur:inst1|comp[21] ; clk_50Mhz  ; clk_50Mhz ; None                        ; None                      ; 5.460 ns                ;
; N/A                                     ; 176.43 MHz ( period = 5.668 ns )                    ; diviseur:inst1|comp[0]  ; diviseur:inst1|comp[19] ; clk_50Mhz  ; clk_50Mhz ; None                        ; None                      ; 5.457 ns                ;
; N/A                                     ; 176.87 MHz ( period = 5.654 ns )                    ; diviseur:inst1|comp[0]  ; diviseur:inst1|comp[22] ; clk_50Mhz  ; clk_50Mhz ; None                        ; None                      ; 5.443 ns                ;
; N/A                                     ; 176.90 MHz ( period = 5.653 ns )                    ; diviseur:inst1|comp[0]  ; diviseur:inst1|comp[20] ; clk_50Mhz  ; clk_50Mhz ; None                        ; None                      ; 5.442 ns                ;
; N/A                                     ; 177.53 MHz ( period = 5.633 ns )                    ; diviseur:inst1|comp[1]  ; diviseur:inst1|comp[18] ; clk_50Mhz  ; clk_50Mhz ; None                        ; None                      ; 5.422 ns                ;
; N/A                                     ; 177.56 MHz ( period = 5.632 ns )                    ; diviseur:inst1|comp[1]  ; diviseur:inst1|comp[21] ; clk_50Mhz  ; clk_50Mhz ; None                        ; None                      ; 5.421 ns                ;
; N/A                                     ; 177.65 MHz ( period = 5.629 ns )                    ; diviseur:inst1|comp[1]  ; diviseur:inst1|comp[19] ; clk_50Mhz  ; clk_50Mhz ; None                        ; None                      ; 5.418 ns                ;
; N/A                                     ; 178.09 MHz ( period = 5.615 ns )                    ; diviseur:inst1|comp[1]  ; diviseur:inst1|comp[22] ; clk_50Mhz  ; clk_50Mhz ; None                        ; None                      ; 5.404 ns                ;
; N/A                                     ; 178.13 MHz ( period = 5.614 ns )                    ; diviseur:inst1|comp[1]  ; diviseur:inst1|comp[20] ; clk_50Mhz  ; clk_50Mhz ; None                        ; None                      ; 5.403 ns                ;
; N/A                                     ; 179.73 MHz ( period = 5.564 ns )                    ; diviseur:inst1|comp[0]  ; diviseur:inst1|dout     ; clk_50Mhz  ; clk_50Mhz ; None                        ; None                      ; 5.244 ns                ;
; N/A                                     ; 179.79 MHz ( period = 5.562 ns )                    ; diviseur:inst1|comp[2]  ; diviseur:inst1|comp[18] ; clk_50Mhz  ; clk_50Mhz ; None                        ; None                      ; 5.351 ns                ;
; N/A                                     ; 179.82 MHz ( period = 5.561 ns )                    ; diviseur:inst1|comp[2]  ; diviseur:inst1|comp[21] ; clk_50Mhz  ; clk_50Mhz ; None                        ; None                      ; 5.350 ns                ;
; N/A                                     ; 179.92 MHz ( period = 5.558 ns )                    ; diviseur:inst1|comp[2]  ; diviseur:inst1|comp[19] ; clk_50Mhz  ; clk_50Mhz ; None                        ; None                      ; 5.347 ns                ;
; N/A                                     ; 180.38 MHz ( period = 5.544 ns )                    ; diviseur:inst1|comp[2]  ; diviseur:inst1|comp[22] ; clk_50Mhz  ; clk_50Mhz ; None                        ; None                      ; 5.333 ns                ;
; N/A                                     ; 180.41 MHz ( period = 5.543 ns )                    ; diviseur:inst1|comp[2]  ; diviseur:inst1|comp[20] ; clk_50Mhz  ; clk_50Mhz ; None                        ; None                      ; 5.332 ns                ;
; N/A                                     ; 181.00 MHz ( period = 5.525 ns )                    ; diviseur:inst1|comp[1]  ; diviseur:inst1|dout     ; clk_50Mhz  ; clk_50Mhz ; None                        ; None                      ; 5.205 ns                ;
; N/A                                     ; 183.05 MHz ( period = 5.463 ns )                    ; diviseur:inst1|comp[3]  ; diviseur:inst1|comp[18] ; clk_50Mhz  ; clk_50Mhz ; None                        ; None                      ; 5.252 ns                ;
; N/A                                     ; 183.08 MHz ( period = 5.462 ns )                    ; diviseur:inst1|comp[3]  ; diviseur:inst1|comp[21] ; clk_50Mhz  ; clk_50Mhz ; None                        ; None                      ; 5.251 ns                ;
; N/A                                     ; 183.18 MHz ( period = 5.459 ns )                    ; diviseur:inst1|comp[3]  ; diviseur:inst1|comp[19] ; clk_50Mhz  ; clk_50Mhz ; None                        ; None                      ; 5.248 ns                ;
; N/A                                     ; 183.35 MHz ( period = 5.454 ns )                    ; diviseur:inst1|comp[2]  ; diviseur:inst1|dout     ; clk_50Mhz  ; clk_50Mhz ; None                        ; None                      ; 5.134 ns                ;
; N/A                                     ; 183.65 MHz ( period = 5.445 ns )                    ; diviseur:inst1|comp[3]  ; diviseur:inst1|comp[22] ; clk_50Mhz  ; clk_50Mhz ; None                        ; None                      ; 5.234 ns                ;
; N/A                                     ; 183.69 MHz ( period = 5.444 ns )                    ; diviseur:inst1|comp[3]  ; diviseur:inst1|comp[20] ; clk_50Mhz  ; clk_50Mhz ; None                        ; None                      ; 5.233 ns                ;
; N/A                                     ; 186.74 MHz ( period = 5.355 ns )                    ; diviseur:inst1|comp[3]  ; diviseur:inst1|dout     ; clk_50Mhz  ; clk_50Mhz ; None                        ; None                      ; 5.035 ns                ;
; N/A                                     ; 187.65 MHz ( period = 5.329 ns )                    ; diviseur:inst1|comp[4]  ; diviseur:inst1|comp[18] ; clk_50Mhz  ; clk_50Mhz ; None                        ; None                      ; 5.118 ns                ;
; N/A                                     ; 187.69 MHz ( period = 5.328 ns )                    ; diviseur:inst1|comp[4]  ; diviseur:inst1|comp[21] ; clk_50Mhz  ; clk_50Mhz ; None                        ; None                      ; 5.117 ns                ;
; N/A                                     ; 187.79 MHz ( period = 5.325 ns )                    ; diviseur:inst1|comp[4]  ; diviseur:inst1|comp[19] ; clk_50Mhz  ; clk_50Mhz ; None                        ; None                      ; 5.114 ns                ;
; N/A                                     ; 188.29 MHz ( period = 5.311 ns )                    ; diviseur:inst1|comp[4]  ; diviseur:inst1|comp[22] ; clk_50Mhz  ; clk_50Mhz ; None                        ; None                      ; 5.100 ns                ;
; N/A                                     ; 188.32 MHz ( period = 5.310 ns )                    ; diviseur:inst1|comp[4]  ; diviseur:inst1|comp[20] ; clk_50Mhz  ; clk_50Mhz ; None                        ; None                      ; 5.099 ns                ;
; N/A                                     ; 188.64 MHz ( period = 5.301 ns )                    ; diviseur:inst1|comp[6]  ; diviseur:inst1|comp[18] ; clk_50Mhz  ; clk_50Mhz ; None                        ; None                      ; 5.088 ns                ;
; N/A                                     ; 188.68 MHz ( period = 5.300 ns )                    ; diviseur:inst1|comp[6]  ; diviseur:inst1|comp[21] ; clk_50Mhz  ; clk_50Mhz ; None                        ; None                      ; 5.087 ns                ;
; N/A                                     ; 188.79 MHz ( period = 5.297 ns )                    ; diviseur:inst1|comp[6]  ; diviseur:inst1|comp[19] ; clk_50Mhz  ; clk_50Mhz ; None                        ; None                      ; 5.084 ns                ;
; N/A                                     ; 189.29 MHz ( period = 5.283 ns )                    ; diviseur:inst1|comp[6]  ; diviseur:inst1|comp[22] ; clk_50Mhz  ; clk_50Mhz ; None                        ; None                      ; 5.070 ns                ;
; N/A                                     ; 189.32 MHz ( period = 5.282 ns )                    ; diviseur:inst1|comp[6]  ; diviseur:inst1|comp[20] ; clk_50Mhz  ; clk_50Mhz ; None                        ; None                      ; 5.069 ns                ;
; N/A                                     ; 191.28 MHz ( period = 5.228 ns )                    ; diviseur:inst1|comp[5]  ; diviseur:inst1|comp[18] ; clk_50Mhz  ; clk_50Mhz ; None                        ; None                      ; 5.017 ns                ;
; N/A                                     ; 191.31 MHz ( period = 5.227 ns )                    ; diviseur:inst1|comp[5]  ; diviseur:inst1|comp[21] ; clk_50Mhz  ; clk_50Mhz ; None                        ; None                      ; 5.016 ns                ;
; N/A                                     ; 191.42 MHz ( period = 5.224 ns )                    ; diviseur:inst1|comp[5]  ; diviseur:inst1|comp[19] ; clk_50Mhz  ; clk_50Mhz ; None                        ; None                      ; 5.013 ns                ;
; N/A                                     ; 191.53 MHz ( period = 5.221 ns )                    ; diviseur:inst1|comp[4]  ; diviseur:inst1|dout     ; clk_50Mhz  ; clk_50Mhz ; None                        ; None                      ; 4.901 ns                ;
; N/A                                     ; 191.94 MHz ( period = 5.210 ns )                    ; diviseur:inst1|comp[5]  ; diviseur:inst1|comp[22] ; clk_50Mhz  ; clk_50Mhz ; None                        ; None                      ; 4.999 ns                ;
; N/A                                     ; 191.98 MHz ( period = 5.209 ns )                    ; diviseur:inst1|comp[5]  ; diviseur:inst1|comp[20] ; clk_50Mhz  ; clk_50Mhz ; None                        ; None                      ; 4.998 ns                ;
; N/A                                     ; 192.57 MHz ( period = 5.193 ns )                    ; diviseur:inst1|comp[6]  ; diviseur:inst1|dout     ; clk_50Mhz  ; clk_50Mhz ; None                        ; None                      ; 4.871 ns                ;
; N/A                                     ; 192.64 MHz ( period = 5.191 ns )                    ; diviseur:inst1|comp[0]  ; diviseur:inst1|comp[6]  ; clk_50Mhz  ; clk_50Mhz ; None                        ; None                      ; 4.979 ns                ;
; N/A                                     ; 192.75 MHz ( period = 5.188 ns )                    ; diviseur:inst1|comp[8]  ; diviseur:inst1|comp[18] ; clk_50Mhz  ; clk_50Mhz ; None                        ; None                      ; 4.977 ns                ;
; N/A                                     ; 192.79 MHz ( period = 5.187 ns )                    ; diviseur:inst1|comp[8]  ; diviseur:inst1|comp[21] ; clk_50Mhz  ; clk_50Mhz ; None                        ; None                      ; 4.976 ns                ;
; N/A                                     ; 192.90 MHz ( period = 5.184 ns )                    ; diviseur:inst1|comp[8]  ; diviseur:inst1|comp[19] ; clk_50Mhz  ; clk_50Mhz ; None                        ; None                      ; 4.973 ns                ;
; N/A                                     ; 193.42 MHz ( period = 5.170 ns )                    ; diviseur:inst1|comp[8]  ; diviseur:inst1|comp[22] ; clk_50Mhz  ; clk_50Mhz ; None                        ; None                      ; 4.959 ns                ;
; N/A                                     ; 193.46 MHz ( period = 5.169 ns )                    ; diviseur:inst1|comp[8]  ; diviseur:inst1|comp[20] ; clk_50Mhz  ; clk_50Mhz ; None                        ; None                      ; 4.958 ns                ;
; N/A                                     ; 193.61 MHz ( period = 5.165 ns )                    ; diviseur:inst1|comp[12] ; diviseur:inst1|comp[18] ; clk_50Mhz  ; clk_50Mhz ; None                        ; None                      ; 4.952 ns                ;
; N/A                                     ; 193.65 MHz ( period = 5.164 ns )                    ; diviseur:inst1|comp[12] ; diviseur:inst1|comp[21] ; clk_50Mhz  ; clk_50Mhz ; None                        ; None                      ; 4.951 ns                ;
; N/A                                     ; 193.76 MHz ( period = 5.161 ns )                    ; diviseur:inst1|comp[12] ; diviseur:inst1|comp[19] ; clk_50Mhz  ; clk_50Mhz ; None                        ; None                      ; 4.948 ns                ;
; N/A                                     ; 194.10 MHz ( period = 5.152 ns )                    ; diviseur:inst1|comp[1]  ; diviseur:inst1|comp[6]  ; clk_50Mhz  ; clk_50Mhz ; None                        ; None                      ; 4.940 ns                ;
; N/A                                     ; 194.29 MHz ( period = 5.147 ns )                    ; diviseur:inst1|comp[12] ; diviseur:inst1|comp[22] ; clk_50Mhz  ; clk_50Mhz ; None                        ; None                      ; 4.934 ns                ;
; N/A                                     ; 194.33 MHz ( period = 5.146 ns )                    ; diviseur:inst1|comp[12] ; diviseur:inst1|comp[20] ; clk_50Mhz  ; clk_50Mhz ; None                        ; None                      ; 4.933 ns                ;
; N/A                                     ; 195.31 MHz ( period = 5.120 ns )                    ; diviseur:inst1|comp[5]  ; diviseur:inst1|dout     ; clk_50Mhz  ; clk_50Mhz ; None                        ; None                      ; 4.800 ns                ;
; N/A                                     ; 196.04 MHz ( period = 5.101 ns )                    ; diviseur:inst1|comp[13] ; diviseur:inst1|comp[18] ; clk_50Mhz  ; clk_50Mhz ; None                        ; None                      ; 4.888 ns                ;
; N/A                                     ; 196.08 MHz ( period = 5.100 ns )                    ; diviseur:inst1|comp[13] ; diviseur:inst1|comp[21] ; clk_50Mhz  ; clk_50Mhz ; None                        ; None                      ; 4.887 ns                ;
; N/A                                     ; 196.19 MHz ( period = 5.097 ns )                    ; diviseur:inst1|comp[13] ; diviseur:inst1|comp[19] ; clk_50Mhz  ; clk_50Mhz ; None                        ; None                      ; 4.884 ns                ;
; N/A                                     ; 196.19 MHz ( period = 5.097 ns )                    ; diviseur:inst1|comp[10] ; diviseur:inst1|comp[18] ; clk_50Mhz  ; clk_50Mhz ; None                        ; None                      ; 4.886 ns                ;
; N/A                                     ; 196.23 MHz ( period = 5.096 ns )                    ; diviseur:inst1|comp[10] ; diviseur:inst1|comp[21] ; clk_50Mhz  ; clk_50Mhz ; None                        ; None                      ; 4.885 ns                ;
; N/A                                     ; 196.35 MHz ( period = 5.093 ns )                    ; diviseur:inst1|comp[10] ; diviseur:inst1|comp[19] ; clk_50Mhz  ; clk_50Mhz ; None                        ; None                      ; 4.882 ns                ;
; N/A                                     ; 196.58 MHz ( period = 5.087 ns )                    ; diviseur:inst1|comp[7]  ; diviseur:inst1|comp[18] ; clk_50Mhz  ; clk_50Mhz ; None                        ; None                      ; 4.876 ns                ;
; N/A                                     ; 196.62 MHz ( period = 5.086 ns )                    ; diviseur:inst1|comp[7]  ; diviseur:inst1|comp[21] ; clk_50Mhz  ; clk_50Mhz ; None                        ; None                      ; 4.875 ns                ;
; N/A                                     ; 196.73 MHz ( period = 5.083 ns )                    ; diviseur:inst1|comp[13] ; diviseur:inst1|comp[22] ; clk_50Mhz  ; clk_50Mhz ; None                        ; None                      ; 4.870 ns                ;
; N/A                                     ; 196.73 MHz ( period = 5.083 ns )                    ; diviseur:inst1|comp[7]  ; diviseur:inst1|comp[19] ; clk_50Mhz  ; clk_50Mhz ; None                        ; None                      ; 4.872 ns                ;
; N/A                                     ; 196.77 MHz ( period = 5.082 ns )                    ; diviseur:inst1|comp[13] ; diviseur:inst1|comp[20] ; clk_50Mhz  ; clk_50Mhz ; None                        ; None                      ; 4.869 ns                ;
; N/A                                     ; 196.81 MHz ( period = 5.081 ns )                    ; diviseur:inst1|comp[2]  ; diviseur:inst1|comp[6]  ; clk_50Mhz  ; clk_50Mhz ; None                        ; None                      ; 4.869 ns                ;
; N/A                                     ; 196.85 MHz ( period = 5.080 ns )                    ; diviseur:inst1|comp[8]  ; diviseur:inst1|dout     ; clk_50Mhz  ; clk_50Mhz ; None                        ; None                      ; 4.760 ns                ;
; N/A                                     ; 196.89 MHz ( period = 5.079 ns )                    ; diviseur:inst1|comp[10] ; diviseur:inst1|comp[22] ; clk_50Mhz  ; clk_50Mhz ; None                        ; None                      ; 4.868 ns                ;
; N/A                                     ; 196.93 MHz ( period = 5.078 ns )                    ; diviseur:inst1|comp[10] ; diviseur:inst1|comp[20] ; clk_50Mhz  ; clk_50Mhz ; None                        ; None                      ; 4.867 ns                ;
; N/A                                     ; 197.24 MHz ( period = 5.070 ns )                    ; diviseur:inst1|comp[0]  ; diviseur:inst1|clk_int  ; clk_50Mhz  ; clk_50Mhz ; None                        ; None                      ; 4.858 ns                ;
; N/A                                     ; 197.28 MHz ( period = 5.069 ns )                    ; diviseur:inst1|comp[7]  ; diviseur:inst1|comp[22] ; clk_50Mhz  ; clk_50Mhz ; None                        ; None                      ; 4.858 ns                ;
; N/A                                     ; 197.32 MHz ( period = 5.068 ns )                    ; diviseur:inst1|comp[7]  ; diviseur:inst1|comp[20] ; clk_50Mhz  ; clk_50Mhz ; None                        ; None                      ; 4.857 ns                ;
; N/A                                     ; 197.75 MHz ( period = 5.057 ns )                    ; diviseur:inst1|comp[12] ; diviseur:inst1|dout     ; clk_50Mhz  ; clk_50Mhz ; None                        ; None                      ; 4.735 ns                ;
; N/A                                     ; 198.77 MHz ( period = 5.031 ns )                    ; diviseur:inst1|comp[1]  ; diviseur:inst1|clk_int  ; clk_50Mhz  ; clk_50Mhz ; None                        ; None                      ; 4.819 ns                ;
; N/A                                     ; 199.16 MHz ( period = 5.021 ns )                    ; diviseur:inst1|comp[11] ; diviseur:inst1|comp[18] ; clk_50Mhz  ; clk_50Mhz ; None                        ; None                      ; 4.808 ns                ;
; N/A                                     ; 199.20 MHz ( period = 5.020 ns )                    ; diviseur:inst1|comp[11] ; diviseur:inst1|comp[21] ; clk_50Mhz  ; clk_50Mhz ; None                        ; None                      ; 4.807 ns                ;
; N/A                                     ; 199.20 MHz ( period = 5.020 ns )                    ; diviseur:inst1|comp[0]  ; diviseur:inst1|comp[12] ; clk_50Mhz  ; clk_50Mhz ; None                        ; None                      ; 4.808 ns                ;
; N/A                                     ; 199.24 MHz ( period = 5.019 ns )                    ; diviseur:inst1|comp[0]  ; diviseur:inst1|comp[11] ; clk_50Mhz  ; clk_50Mhz ; None                        ; None                      ; 4.807 ns                ;
; N/A                                     ; 199.32 MHz ( period = 5.017 ns )                    ; diviseur:inst1|comp[11] ; diviseur:inst1|comp[19] ; clk_50Mhz  ; clk_50Mhz ; None                        ; None                      ; 4.804 ns                ;
; N/A                                     ; 199.36 MHz ( period = 5.016 ns )                    ; diviseur:inst1|comp[0]  ; diviseur:inst1|comp[16] ; clk_50Mhz  ; clk_50Mhz ; None                        ; None                      ; 4.804 ns                ;
; N/A                                     ; 199.88 MHz ( period = 5.003 ns )                    ; diviseur:inst1|comp[11] ; diviseur:inst1|comp[22] ; clk_50Mhz  ; clk_50Mhz ; None                        ; None                      ; 4.790 ns                ;
; N/A                                     ; 199.92 MHz ( period = 5.002 ns )                    ; diviseur:inst1|comp[11] ; diviseur:inst1|comp[20] ; clk_50Mhz  ; clk_50Mhz ; None                        ; None                      ; 4.789 ns                ;
; N/A                                     ; 200.04 MHz ( period = 4.999 ns )                    ; diviseur:inst1|comp[14] ; diviseur:inst1|comp[18] ; clk_50Mhz  ; clk_50Mhz ; None                        ; None                      ; 4.786 ns                ;
; N/A                                     ; 200.08 MHz ( period = 4.998 ns )                    ; diviseur:inst1|comp[14] ; diviseur:inst1|comp[21] ; clk_50Mhz  ; clk_50Mhz ; None                        ; None                      ; 4.785 ns                ;
; N/A                                     ; 200.20 MHz ( period = 4.995 ns )                    ; diviseur:inst1|comp[14] ; diviseur:inst1|comp[19] ; clk_50Mhz  ; clk_50Mhz ; None                        ; None                      ; 4.782 ns                ;
; N/A                                     ; 200.28 MHz ( period = 4.993 ns )                    ; diviseur:inst1|comp[13] ; diviseur:inst1|dout     ; clk_50Mhz  ; clk_50Mhz ; None                        ; None                      ; 4.671 ns                ;
; N/A                                     ; 200.44 MHz ( period = 4.989 ns )                    ; diviseur:inst1|comp[10] ; diviseur:inst1|dout     ; clk_50Mhz  ; clk_50Mhz ; None                        ; None                      ; 4.669 ns                ;
; N/A                                     ; 200.72 MHz ( period = 4.982 ns )                    ; diviseur:inst1|comp[3]  ; diviseur:inst1|comp[6]  ; clk_50Mhz  ; clk_50Mhz ; None                        ; None                      ; 4.770 ns                ;
; N/A                                     ; 200.76 MHz ( period = 4.981 ns )                    ; diviseur:inst1|comp[14] ; diviseur:inst1|comp[22] ; clk_50Mhz  ; clk_50Mhz ; None                        ; None                      ; 4.768 ns                ;
; N/A                                     ; 200.76 MHz ( period = 4.981 ns )                    ; diviseur:inst1|comp[1]  ; diviseur:inst1|comp[12] ; clk_50Mhz  ; clk_50Mhz ; None                        ; None                      ; 4.769 ns                ;
; N/A                                     ; 200.80 MHz ( period = 4.980 ns )                    ; diviseur:inst1|comp[14] ; diviseur:inst1|comp[20] ; clk_50Mhz  ; clk_50Mhz ; None                        ; None                      ; 4.767 ns                ;
; N/A                                     ; 200.80 MHz ( period = 4.980 ns )                    ; diviseur:inst1|comp[1]  ; diviseur:inst1|comp[11] ; clk_50Mhz  ; clk_50Mhz ; None                        ; None                      ; 4.768 ns                ;
; N/A                                     ; 200.84 MHz ( period = 4.979 ns )                    ; diviseur:inst1|comp[7]  ; diviseur:inst1|dout     ; clk_50Mhz  ; clk_50Mhz ; None                        ; None                      ; 4.659 ns                ;
; N/A                                     ; 200.92 MHz ( period = 4.977 ns )                    ; diviseur:inst1|comp[1]  ; diviseur:inst1|comp[16] ; clk_50Mhz  ; clk_50Mhz ; None                        ; None                      ; 4.765 ns                ;
; N/A                                     ; 201.61 MHz ( period = 4.960 ns )                    ; diviseur:inst1|comp[2]  ; diviseur:inst1|clk_int  ; clk_50Mhz  ; clk_50Mhz ; None                        ; None                      ; 4.748 ns                ;
; N/A                                     ; 201.86 MHz ( period = 4.954 ns )                    ; diviseur:inst1|comp[0]  ; diviseur:inst1|comp[14] ; clk_50Mhz  ; clk_50Mhz ; None                        ; None                      ; 4.742 ns                ;
; N/A                                     ; 202.02 MHz ( period = 4.950 ns )                    ; diviseur:inst1|comp[0]  ; diviseur:inst1|comp[13] ; clk_50Mhz  ; clk_50Mhz ; None                        ; None                      ; 4.738 ns                ;
; N/A                                     ; 202.27 MHz ( period = 4.944 ns )                    ; diviseur:inst1|comp[9]  ; diviseur:inst1|comp[18] ; clk_50Mhz  ; clk_50Mhz ; None                        ; None                      ; 4.733 ns                ;
; N/A                                     ; 202.31 MHz ( period = 4.943 ns )                    ; diviseur:inst1|comp[9]  ; diviseur:inst1|comp[21] ; clk_50Mhz  ; clk_50Mhz ; None                        ; None                      ; 4.732 ns                ;
; N/A                                     ; 202.43 MHz ( period = 4.940 ns )                    ; diviseur:inst1|comp[9]  ; diviseur:inst1|comp[19] ; clk_50Mhz  ; clk_50Mhz ; None                        ; None                      ; 4.729 ns                ;
; N/A                                     ; 203.00 MHz ( period = 4.926 ns )                    ; diviseur:inst1|comp[9]  ; diviseur:inst1|comp[22] ; clk_50Mhz  ; clk_50Mhz ; None                        ; None                      ; 4.715 ns                ;
; N/A                                     ; 203.05 MHz ( period = 4.925 ns )                    ; diviseur:inst1|comp[9]  ; diviseur:inst1|comp[20] ; clk_50Mhz  ; clk_50Mhz ; None                        ; None                      ; 4.714 ns                ;
; N/A                                     ; 203.46 MHz ( period = 4.915 ns )                    ; diviseur:inst1|comp[1]  ; diviseur:inst1|comp[14] ; clk_50Mhz  ; clk_50Mhz ; None                        ; None                      ; 4.703 ns                ;
; N/A                                     ; 203.54 MHz ( period = 4.913 ns )                    ; diviseur:inst1|comp[11] ; diviseur:inst1|dout     ; clk_50Mhz  ; clk_50Mhz ; None                        ; None                      ; 4.591 ns                ;
; N/A                                     ; 203.62 MHz ( period = 4.911 ns )                    ; diviseur:inst1|comp[1]  ; diviseur:inst1|comp[13] ; clk_50Mhz  ; clk_50Mhz ; None                        ; None                      ; 4.699 ns                ;
; N/A                                     ; 203.67 MHz ( period = 4.910 ns )                    ; diviseur:inst1|comp[2]  ; diviseur:inst1|comp[12] ; clk_50Mhz  ; clk_50Mhz ; None                        ; None                      ; 4.698 ns                ;
; N/A                                     ; 203.71 MHz ( period = 4.909 ns )                    ; diviseur:inst1|comp[2]  ; diviseur:inst1|comp[11] ; clk_50Mhz  ; clk_50Mhz ; None                        ; None                      ; 4.697 ns                ;
; N/A                                     ; 203.83 MHz ( period = 4.906 ns )                    ; diviseur:inst1|comp[2]  ; diviseur:inst1|comp[16] ; clk_50Mhz  ; clk_50Mhz ; None                        ; None                      ; 4.694 ns                ;
; N/A                                     ; 204.46 MHz ( period = 4.891 ns )                    ; diviseur:inst1|comp[14] ; diviseur:inst1|dout     ; clk_50Mhz  ; clk_50Mhz ; None                        ; None                      ; 4.569 ns                ;
; N/A                                     ; 205.21 MHz ( period = 4.873 ns )                    ; diviseur:inst1|comp[0]  ; diviseur:inst1|comp[24] ; clk_50Mhz  ; clk_50Mhz ; None                        ; None                      ; 4.661 ns                ;
; N/A                                     ; 205.68 MHz ( period = 4.862 ns )                    ; diviseur:inst1|comp[16] ; diviseur:inst1|comp[18] ; clk_50Mhz  ; clk_50Mhz ; None                        ; None                      ; 4.649 ns                ;
; N/A                                     ; 205.72 MHz ( period = 4.861 ns )                    ; diviseur:inst1|comp[16] ; diviseur:inst1|comp[21] ; clk_50Mhz  ; clk_50Mhz ; None                        ; None                      ; 4.648 ns                ;
; N/A                                     ; 205.72 MHz ( period = 4.861 ns )                    ; diviseur:inst1|comp[3]  ; diviseur:inst1|clk_int  ; clk_50Mhz  ; clk_50Mhz ; None                        ; None                      ; 4.649 ns                ;
; N/A                                     ; 205.85 MHz ( period = 4.858 ns )                    ; diviseur:inst1|comp[16] ; diviseur:inst1|comp[19] ; clk_50Mhz  ; clk_50Mhz ; None                        ; None                      ; 4.645 ns                ;
; N/A                                     ; 206.27 MHz ( period = 4.848 ns )                    ; diviseur:inst1|comp[4]  ; diviseur:inst1|comp[6]  ; clk_50Mhz  ; clk_50Mhz ; None                        ; None                      ; 4.636 ns                ;
; N/A                                     ; 206.44 MHz ( period = 4.844 ns )                    ; diviseur:inst1|comp[16] ; diviseur:inst1|comp[22] ; clk_50Mhz  ; clk_50Mhz ; None                        ; None                      ; 4.631 ns                ;
; N/A                                     ; 206.44 MHz ( period = 4.844 ns )                    ; diviseur:inst1|comp[2]  ; diviseur:inst1|comp[14] ; clk_50Mhz  ; clk_50Mhz ; None                        ; None                      ; 4.632 ns                ;
; N/A                                     ; 206.48 MHz ( period = 4.843 ns )                    ; diviseur:inst1|comp[16] ; diviseur:inst1|comp[20] ; clk_50Mhz  ; clk_50Mhz ; None                        ; None                      ; 4.630 ns                ;
; N/A                                     ; 206.61 MHz ( period = 4.840 ns )                    ; diviseur:inst1|comp[2]  ; diviseur:inst1|comp[13] ; clk_50Mhz  ; clk_50Mhz ; None                        ; None                      ; 4.628 ns                ;
; N/A                                     ; 206.78 MHz ( period = 4.836 ns )                    ; diviseur:inst1|comp[9]  ; diviseur:inst1|dout     ; clk_50Mhz  ; clk_50Mhz ; None                        ; None                      ; 4.516 ns                ;
; N/A                                     ; 206.87 MHz ( period = 4.834 ns )                    ; diviseur:inst1|comp[1]  ; diviseur:inst1|comp[24] ; clk_50Mhz  ; clk_50Mhz ; None                        ; None                      ; 4.622 ns                ;
; N/A                                     ; 207.47 MHz ( period = 4.820 ns )                    ; diviseur:inst1|comp[6]  ; diviseur:inst1|comp[6]  ; clk_50Mhz  ; clk_50Mhz ; None                        ; None                      ; 4.606 ns                ;
; N/A                                     ; 207.86 MHz ( period = 4.811 ns )                    ; diviseur:inst1|comp[3]  ; diviseur:inst1|comp[12] ; clk_50Mhz  ; clk_50Mhz ; None                        ; None                      ; 4.599 ns                ;
; N/A                                     ; 207.90 MHz ( period = 4.810 ns )                    ; diviseur:inst1|comp[3]  ; diviseur:inst1|comp[11] ; clk_50Mhz  ; clk_50Mhz ; None                        ; None                      ; 4.598 ns                ;
; N/A                                     ; 208.03 MHz ( period = 4.807 ns )                    ; diviseur:inst1|comp[3]  ; diviseur:inst1|comp[16] ; clk_50Mhz  ; clk_50Mhz ; None                        ; None                      ; 4.595 ns                ;
; N/A                                     ; 209.95 MHz ( period = 4.763 ns )                    ; diviseur:inst1|comp[2]  ; diviseur:inst1|comp[24] ; clk_50Mhz  ; clk_50Mhz ; None                        ; None                      ; 4.551 ns                ;
; N/A                                     ; 210.35 MHz ( period = 4.754 ns )                    ; diviseur:inst1|comp[16] ; diviseur:inst1|dout     ; clk_50Mhz  ; clk_50Mhz ; None                        ; None                      ; 4.432 ns                ;
; N/A                                     ; 210.66 MHz ( period = 4.747 ns )                    ; diviseur:inst1|comp[5]  ; diviseur:inst1|comp[6]  ; clk_50Mhz  ; clk_50Mhz ; None                        ; None                      ; 4.535 ns                ;
; N/A                                     ; 210.75 MHz ( period = 4.745 ns )                    ; diviseur:inst1|comp[3]  ; diviseur:inst1|comp[14] ; clk_50Mhz  ; clk_50Mhz ; None                        ; None                      ; 4.533 ns                ;
; N/A                                     ; 210.93 MHz ( period = 4.741 ns )                    ; diviseur:inst1|comp[3]  ; diviseur:inst1|comp[13] ; clk_50Mhz  ; clk_50Mhz ; None                        ; None                      ; 4.529 ns                ;
; N/A                                     ; 211.55 MHz ( period = 4.727 ns )                    ; diviseur:inst1|comp[4]  ; diviseur:inst1|clk_int  ; clk_50Mhz  ; clk_50Mhz ; None                        ; None                      ; 4.515 ns                ;
; N/A                                     ; 212.45 MHz ( period = 4.707 ns )                    ; diviseur:inst1|comp[8]  ; diviseur:inst1|comp[6]  ; clk_50Mhz  ; clk_50Mhz ; None                        ; None                      ; 4.495 ns                ;
; N/A                                     ; 212.81 MHz ( period = 4.699 ns )                    ; diviseur:inst1|comp[6]  ; diviseur:inst1|clk_int  ; clk_50Mhz  ; clk_50Mhz ; None                        ; None                      ; 4.485 ns                ;
; N/A                                     ; 213.49 MHz ( period = 4.684 ns )                    ; diviseur:inst1|comp[12] ; diviseur:inst1|comp[6]  ; clk_50Mhz  ; clk_50Mhz ; None                        ; None                      ; 4.470 ns                ;
; N/A                                     ; 213.81 MHz ( period = 4.677 ns )                    ; diviseur:inst1|comp[4]  ; diviseur:inst1|comp[12] ; clk_50Mhz  ; clk_50Mhz ; None                        ; None                      ; 4.465 ns                ;
; N/A                                     ; 213.86 MHz ( period = 4.676 ns )                    ; diviseur:inst1|comp[4]  ; diviseur:inst1|comp[11] ; clk_50Mhz  ; clk_50Mhz ; None                        ; None                      ; 4.464 ns                ;
; N/A                                     ; 214.00 MHz ( period = 4.673 ns )                    ; diviseur:inst1|comp[4]  ; diviseur:inst1|comp[16] ; clk_50Mhz  ; clk_50Mhz ; None                        ; None                      ; 4.461 ns                ;
; N/A                                     ; 214.41 MHz ( period = 4.664 ns )                    ; diviseur:inst1|comp[3]  ; diviseur:inst1|comp[24] ; clk_50Mhz  ; clk_50Mhz ; None                        ; None                      ; 4.452 ns                ;
; N/A                                     ; 215.10 MHz ( period = 4.649 ns )                    ; diviseur:inst1|comp[6]  ; diviseur:inst1|comp[12] ; clk_50Mhz  ; clk_50Mhz ; None                        ; None                      ; 4.435 ns                ;
; N/A                                     ; 215.15 MHz ( period = 4.648 ns )                    ; diviseur:inst1|comp[6]  ; diviseur:inst1|comp[11] ; clk_50Mhz  ; clk_50Mhz ; None                        ; None                      ; 4.434 ns                ;
; N/A                                     ; 215.29 MHz ( period = 4.645 ns )                    ; diviseur:inst1|comp[6]  ; diviseur:inst1|comp[16] ; clk_50Mhz  ; clk_50Mhz ; None                        ; None                      ; 4.431 ns                ;
; N/A                                     ; 216.17 MHz ( period = 4.626 ns )                    ; diviseur:inst1|comp[5]  ; diviseur:inst1|clk_int  ; clk_50Mhz  ; clk_50Mhz ; None                        ; None                      ; 4.414 ns                ;
; N/A                                     ; 216.45 MHz ( period = 4.620 ns )                    ; diviseur:inst1|comp[13] ; diviseur:inst1|comp[6]  ; clk_50Mhz  ; clk_50Mhz ; None                        ; None                      ; 4.406 ns                ;
; N/A                                     ; 216.64 MHz ( period = 4.616 ns )                    ; diviseur:inst1|comp[10] ; diviseur:inst1|comp[6]  ; clk_50Mhz  ; clk_50Mhz ; None                        ; None                      ; 4.404 ns                ;
; N/A                                     ; 216.87 MHz ( period = 4.611 ns )                    ; diviseur:inst1|comp[4]  ; diviseur:inst1|comp[14] ; clk_50Mhz  ; clk_50Mhz ; None                        ; None                      ; 4.399 ns                ;
; N/A                                     ; 217.06 MHz ( period = 4.607 ns )                    ; diviseur:inst1|comp[4]  ; diviseur:inst1|comp[13] ; clk_50Mhz  ; clk_50Mhz ; None                        ; None                      ; 4.395 ns                ;
; N/A                                     ; 217.11 MHz ( period = 4.606 ns )                    ; diviseur:inst1|comp[7]  ; diviseur:inst1|comp[6]  ; clk_50Mhz  ; clk_50Mhz ; None                        ; None                      ; 4.394 ns                ;
; N/A                                     ; 218.05 MHz ( period = 4.586 ns )                    ; diviseur:inst1|comp[8]  ; diviseur:inst1|clk_int  ; clk_50Mhz  ; clk_50Mhz ; None                        ; None                      ; 4.374 ns                ;
; N/A                                     ; 218.20 MHz ( period = 4.583 ns )                    ; diviseur:inst1|comp[6]  ; diviseur:inst1|comp[14] ; clk_50Mhz  ; clk_50Mhz ; None                        ; None                      ; 4.369 ns                ;
; N/A                                     ; 218.39 MHz ( period = 4.579 ns )                    ; diviseur:inst1|comp[6]  ; diviseur:inst1|comp[13] ; clk_50Mhz  ; clk_50Mhz ; None                        ; None                      ; 4.365 ns                ;
; N/A                                     ; 218.53 MHz ( period = 4.576 ns )                    ; diviseur:inst1|comp[5]  ; diviseur:inst1|comp[12] ; clk_50Mhz  ; clk_50Mhz ; None                        ; None                      ; 4.364 ns                ;
; N/A                                     ; 218.58 MHz ( period = 4.575 ns )                    ; diviseur:inst1|comp[5]  ; diviseur:inst1|comp[11] ; clk_50Mhz  ; clk_50Mhz ; None                        ; None                      ; 4.363 ns                ;
; N/A                                     ; 218.72 MHz ( period = 4.572 ns )                    ; diviseur:inst1|comp[5]  ; diviseur:inst1|comp[16] ; clk_50Mhz  ; clk_50Mhz ; None                        ; None                      ; 4.360 ns                ;
; N/A                                     ; 219.15 MHz ( period = 4.563 ns )                    ; diviseur:inst1|comp[12] ; diviseur:inst1|clk_int  ; clk_50Mhz  ; clk_50Mhz ; None                        ; None                      ; 4.349 ns                ;
; N/A                                     ; 220.26 MHz ( period = 4.540 ns )                    ; diviseur:inst1|comp[11] ; diviseur:inst1|comp[6]  ; clk_50Mhz  ; clk_50Mhz ; None                        ; None                      ; 4.326 ns                ;
; N/A                                     ; 220.46 MHz ( period = 4.536 ns )                    ; diviseur:inst1|comp[8]  ; diviseur:inst1|comp[12] ; clk_50Mhz  ; clk_50Mhz ; None                        ; None                      ; 4.324 ns                ;
; N/A                                     ; 220.51 MHz ( period = 4.535 ns )                    ; diviseur:inst1|comp[8]  ; diviseur:inst1|comp[11] ; clk_50Mhz  ; clk_50Mhz ; None                        ; None                      ; 4.323 ns                ;
; N/A                                     ; 220.65 MHz ( period = 4.532 ns )                    ; diviseur:inst1|comp[8]  ; diviseur:inst1|comp[16] ; clk_50Mhz  ; clk_50Mhz ; None                        ; None                      ; 4.320 ns                ;
; N/A                                     ; 220.75 MHz ( period = 4.530 ns )                    ; diviseur:inst1|comp[4]  ; diviseur:inst1|comp[24] ; clk_50Mhz  ; clk_50Mhz ; None                        ; None                      ; 4.318 ns                ;
; N/A                                     ; 221.34 MHz ( period = 4.518 ns )                    ; diviseur:inst1|comp[14] ; diviseur:inst1|comp[6]  ; clk_50Mhz  ; clk_50Mhz ; None                        ; None                      ; 4.304 ns                ;
; N/A                                     ; 221.58 MHz ( period = 4.513 ns )                    ; diviseur:inst1|comp[12] ; diviseur:inst1|comp[12] ; clk_50Mhz  ; clk_50Mhz ; None                        ; None                      ; 4.299 ns                ;
; N/A                                     ; 221.63 MHz ( period = 4.512 ns )                    ; diviseur:inst1|comp[12] ; diviseur:inst1|comp[11] ; clk_50Mhz  ; clk_50Mhz ; None                        ; None                      ; 4.298 ns                ;
; N/A                                     ; 221.73 MHz ( period = 4.510 ns )                    ; diviseur:inst1|comp[5]  ; diviseur:inst1|comp[14] ; clk_50Mhz  ; clk_50Mhz ; None                        ; None                      ; 4.298 ns                ;
; N/A                                     ; 221.78 MHz ( period = 4.509 ns )                    ; diviseur:inst1|comp[12] ; diviseur:inst1|comp[16] ; clk_50Mhz  ; clk_50Mhz ; None                        ; None                      ; 4.295 ns                ;
; N/A                                     ; 221.93 MHz ( period = 4.506 ns )                    ; diviseur:inst1|comp[5]  ; diviseur:inst1|comp[13] ; clk_50Mhz  ; clk_50Mhz ; None                        ; None                      ; 4.294 ns                ;
; N/A                                     ; 222.12 MHz ( period = 4.502 ns )                    ; diviseur:inst1|comp[6]  ; diviseur:inst1|comp[24] ; clk_50Mhz  ; clk_50Mhz ; None                        ; None                      ; 4.288 ns                ;
; N/A                                     ; 222.27 MHz ( period = 4.499 ns )                    ; diviseur:inst1|comp[13] ; diviseur:inst1|clk_int  ; clk_50Mhz  ; clk_50Mhz ; None                        ; None                      ; 4.285 ns                ;
; N/A                                     ; 222.47 MHz ( period = 4.495 ns )                    ; diviseur:inst1|comp[10] ; diviseur:inst1|clk_int  ; clk_50Mhz  ; clk_50Mhz ; None                        ; None                      ; 4.283 ns                ;
; N/A                                     ; 222.97 MHz ( period = 4.485 ns )                    ; diviseur:inst1|comp[7]  ; diviseur:inst1|clk_int  ; clk_50Mhz  ; clk_50Mhz ; None                        ; None                      ; 4.273 ns                ;
; N/A                                     ; 223.21 MHz ( period = 4.480 ns )                    ; diviseur:inst1|comp[15] ; diviseur:inst1|comp[18] ; clk_50Mhz  ; clk_50Mhz ; None                        ; None                      ; 4.268 ns                ;
; N/A                                     ; 223.26 MHz ( period = 4.479 ns )                    ; diviseur:inst1|comp[15] ; diviseur:inst1|comp[21] ; clk_50Mhz  ; clk_50Mhz ; None                        ; None                      ; 4.267 ns                ;
; N/A                                     ; 223.41 MHz ( period = 4.476 ns )                    ; diviseur:inst1|comp[15] ; diviseur:inst1|comp[19] ; clk_50Mhz  ; clk_50Mhz ; None                        ; None                      ; 4.264 ns                ;
; N/A                                     ; 223.56 MHz ( period = 4.473 ns )                    ; diviseur:inst1|comp[17] ; diviseur:inst1|comp[18] ; clk_50Mhz  ; clk_50Mhz ; None                        ; None                      ; 4.261 ns                ;
; N/A                                     ; 223.61 MHz ( period = 4.472 ns )                    ; diviseur:inst1|comp[17] ; diviseur:inst1|comp[21] ; clk_50Mhz  ; clk_50Mhz ; None                        ; None                      ; 4.260 ns                ;
; N/A                                     ; 223.71 MHz ( period = 4.470 ns )                    ; diviseur:inst1|comp[8]  ; diviseur:inst1|comp[14] ; clk_50Mhz  ; clk_50Mhz ; None                        ; None                      ; 4.258 ns                ;
; N/A                                     ; 223.76 MHz ( period = 4.469 ns )                    ; diviseur:inst1|comp[17] ; diviseur:inst1|comp[19] ; clk_50Mhz  ; clk_50Mhz ; None                        ; None                      ; 4.257 ns                ;
; N/A                                     ; 223.91 MHz ( period = 4.466 ns )                    ; diviseur:inst1|comp[8]  ; diviseur:inst1|comp[13] ; clk_50Mhz  ; clk_50Mhz ; None                        ; None                      ; 4.254 ns                ;
; N/A                                     ; 224.06 MHz ( period = 4.463 ns )                    ; diviseur:inst1|comp[9]  ; diviseur:inst1|comp[6]  ; clk_50Mhz  ; clk_50Mhz ; None                        ; None                      ; 4.251 ns                ;
; N/A                                     ; 224.11 MHz ( period = 4.462 ns )                    ; diviseur:inst1|comp[15] ; diviseur:inst1|comp[22] ; clk_50Mhz  ; clk_50Mhz ; None                        ; None                      ; 4.250 ns                ;
; N/A                                     ; 224.16 MHz ( period = 4.461 ns )                    ; diviseur:inst1|comp[15] ; diviseur:inst1|comp[20] ; clk_50Mhz  ; clk_50Mhz ; None                        ; None                      ; 4.249 ns                ;
; N/A                                     ; 224.47 MHz ( period = 4.455 ns )                    ; diviseur:inst1|comp[17] ; diviseur:inst1|comp[22] ; clk_50Mhz  ; clk_50Mhz ; None                        ; None                      ; 4.243 ns                ;
; N/A                                     ; 224.52 MHz ( period = 4.454 ns )                    ; diviseur:inst1|comp[17] ; diviseur:inst1|comp[20] ; clk_50Mhz  ; clk_50Mhz ; None                        ; None                      ; 4.242 ns                ;
; N/A                                     ; 224.77 MHz ( period = 4.449 ns )                    ; diviseur:inst1|comp[13] ; diviseur:inst1|comp[12] ; clk_50Mhz  ; clk_50Mhz ; None                        ; None                      ; 4.235 ns                ;
; N/A                                     ; 224.82 MHz ( period = 4.448 ns )                    ; diviseur:inst1|comp[13] ; diviseur:inst1|comp[11] ; clk_50Mhz  ; clk_50Mhz ; None                        ; None                      ; 4.234 ns                ;
; N/A                                     ; 224.87 MHz ( period = 4.447 ns )                    ; diviseur:inst1|comp[12] ; diviseur:inst1|comp[14] ; clk_50Mhz  ; clk_50Mhz ; None                        ; None                      ; 4.233 ns                ;
; N/A                                     ; 224.97 MHz ( period = 4.445 ns )                    ; diviseur:inst1|comp[10] ; diviseur:inst1|comp[12] ; clk_50Mhz  ; clk_50Mhz ; None                        ; None                      ; 4.233 ns                ;
; N/A                                     ; 224.97 MHz ( period = 4.445 ns )                    ; diviseur:inst1|comp[13] ; diviseur:inst1|comp[16] ; clk_50Mhz  ; clk_50Mhz ; None                        ; None                      ; 4.231 ns                ;
; N/A                                     ; 225.02 MHz ( period = 4.444 ns )                    ; diviseur:inst1|comp[10] ; diviseur:inst1|comp[11] ; clk_50Mhz  ; clk_50Mhz ; None                        ; None                      ; 4.232 ns                ;
; N/A                                     ; 225.07 MHz ( period = 4.443 ns )                    ; diviseur:inst1|comp[12] ; diviseur:inst1|comp[13] ; clk_50Mhz  ; clk_50Mhz ; None                        ; None                      ; 4.229 ns                ;
; N/A                                     ; 225.17 MHz ( period = 4.441 ns )                    ; diviseur:inst1|comp[10] ; diviseur:inst1|comp[16] ; clk_50Mhz  ; clk_50Mhz ; None                        ; None                      ; 4.229 ns                ;
; N/A                                     ; 225.48 MHz ( period = 4.435 ns )                    ; diviseur:inst1|comp[7]  ; diviseur:inst1|comp[12] ; clk_50Mhz  ; clk_50Mhz ; None                        ; None                      ; 4.223 ns                ;
; N/A                                     ; 225.53 MHz ( period = 4.434 ns )                    ; diviseur:inst1|comp[7]  ; diviseur:inst1|comp[11] ; clk_50Mhz  ; clk_50Mhz ; None                        ; None                      ; 4.222 ns                ;
; N/A                                     ; 225.68 MHz ( period = 4.431 ns )                    ; diviseur:inst1|comp[7]  ; diviseur:inst1|comp[16] ; clk_50Mhz  ; clk_50Mhz ; None                        ; None                      ; 4.219 ns                ;
; N/A                                     ; 225.78 MHz ( period = 4.429 ns )                    ; diviseur:inst1|comp[5]  ; diviseur:inst1|comp[24] ; clk_50Mhz  ; clk_50Mhz ; None                        ; None                      ; 4.217 ns                ;
; N/A                                     ; 226.30 MHz ( period = 4.419 ns )                    ; diviseur:inst1|comp[11] ; diviseur:inst1|clk_int  ; clk_50Mhz  ; clk_50Mhz ; None                        ; None                      ; 4.205 ns                ;
; N/A                                     ; 226.60 MHz ( period = 4.413 ns )                    ; diviseur:inst1|comp[18] ; diviseur:inst1|comp[18] ; clk_50Mhz  ; clk_50Mhz ; None                        ; None                      ; 4.199 ns                ;
; N/A                                     ; 226.65 MHz ( period = 4.412 ns )                    ; diviseur:inst1|comp[18] ; diviseur:inst1|comp[21] ; clk_50Mhz  ; clk_50Mhz ; None                        ; None                      ; 4.198 ns                ;
; N/A                                     ; 226.81 MHz ( period = 4.409 ns )                    ; diviseur:inst1|comp[18] ; diviseur:inst1|comp[19] ; clk_50Mhz  ; clk_50Mhz ; None                        ; None                      ; 4.195 ns                ;
; N/A                                     ; 227.43 MHz ( period = 4.397 ns )                    ; diviseur:inst1|comp[14] ; diviseur:inst1|clk_int  ; clk_50Mhz  ; clk_50Mhz ; None                        ; None                      ; 4.183 ns                ;
; N/A                                     ; 227.53 MHz ( period = 4.395 ns )                    ; diviseur:inst1|comp[18] ; diviseur:inst1|comp[22] ; clk_50Mhz  ; clk_50Mhz ; None                        ; None                      ; 4.181 ns                ;
; Timing analysis restricted to 200 rows. ; To change the limit use Settings (Assignments menu) ;                         ;                         ;            ;           ;                             ;                           ;                         ;
+-----------------------------------------+-----------------------------------------------------+-------------------------+-------------------------+------------+-----------+-----------------------------+---------------------------+-------------------------+


+------------------------------------------------------------------------------------------+
; tco                                                                                      ;
+-------+--------------+------------+------------------------+----------------+------------+
; Slack ; Required tco ; Actual tco ; From                   ; To             ; From Clock ;
+-------+--------------+------------+------------------------+----------------+------------+
; N/A   ; None         ; 11.151 ns  ; compteur:inst2|comp[2] ; seg_out_TOP[0] ; clk_50Mhz  ;
; N/A   ; None         ; 11.123 ns  ; compteur:inst2|comp[2] ; seg_out_TOP[1] ; clk_50Mhz  ;
; N/A   ; None         ; 11.096 ns  ; compteur:inst2|comp[2] ; seg_out_TOP[2] ; clk_50Mhz  ;
; N/A   ; None         ; 10.910 ns  ; compteur:inst2|comp[2] ; seg_out_TOP[3] ; clk_50Mhz  ;
; N/A   ; None         ; 10.909 ns  ; compteur:inst2|comp[2] ; seg_out_TOP[4] ; clk_50Mhz  ;
; N/A   ; None         ; 10.897 ns  ; compteur:inst2|comp[2] ; seg_out_TOP[5] ; clk_50Mhz  ;
; N/A   ; None         ; 10.894 ns  ; compteur:inst2|comp[2] ; seg_out_TOP[6] ; clk_50Mhz  ;
; N/A   ; None         ; 10.885 ns  ; compteur:inst2|comp[3] ; seg_out_TOP[0] ; clk_50Mhz  ;
; N/A   ; None         ; 10.866 ns  ; compteur:inst2|comp[1] ; seg_out_TOP[2] ; clk_50Mhz  ;
; N/A   ; None         ; 10.858 ns  ; compteur:inst2|comp[3] ; seg_out_TOP[2] ; clk_50Mhz  ;
; N/A   ; None         ; 10.857 ns  ; compteur:inst2|comp[1] ; seg_out_TOP[1] ; clk_50Mhz  ;
; N/A   ; None         ; 10.845 ns  ; compteur:inst2|comp[3] ; seg_out_TOP[1] ; clk_50Mhz  ;
; N/A   ; None         ; 10.839 ns  ; compteur:inst2|comp[1] ; seg_out_TOP[0] ; clk_50Mhz  ;
; N/A   ; None         ; 10.753 ns  ; compteur:inst2|comp[0] ; seg_out_TOP[0] ; clk_50Mhz  ;
; N/A   ; None         ; 10.743 ns  ; compteur:inst2|comp[0] ; seg_out_TOP[2] ; clk_50Mhz  ;
; N/A   ; None         ; 10.730 ns  ; compteur:inst2|comp[0] ; seg_out_TOP[1] ; clk_50Mhz  ;
; N/A   ; None         ; 10.642 ns  ; compteur:inst2|comp[1] ; seg_out_TOP[3] ; clk_50Mhz  ;
; N/A   ; None         ; 10.640 ns  ; compteur:inst2|comp[1] ; seg_out_TOP[4] ; clk_50Mhz  ;
; N/A   ; None         ; 10.631 ns  ; compteur:inst2|comp[3] ; seg_out_TOP[4] ; clk_50Mhz  ;
; N/A   ; None         ; 10.631 ns  ; compteur:inst2|comp[3] ; seg_out_TOP[3] ; clk_50Mhz  ;
; N/A   ; None         ; 10.629 ns  ; compteur:inst2|comp[1] ; seg_out_TOP[5] ; clk_50Mhz  ;
; N/A   ; None         ; 10.628 ns  ; compteur:inst2|comp[3] ; seg_out_TOP[6] ; clk_50Mhz  ;
; N/A   ; None         ; 10.626 ns  ; compteur:inst2|comp[1] ; seg_out_TOP[6] ; clk_50Mhz  ;
; N/A   ; None         ; 10.622 ns  ; compteur:inst2|comp[3] ; seg_out_TOP[5] ; clk_50Mhz  ;
; N/A   ; None         ; 10.516 ns  ; compteur:inst2|comp[0] ; seg_out_TOP[3] ; clk_50Mhz  ;
; N/A   ; None         ; 10.514 ns  ; compteur:inst2|comp[0] ; seg_out_TOP[4] ; clk_50Mhz  ;
; N/A   ; None         ; 10.503 ns  ; compteur:inst2|comp[0] ; seg_out_TOP[5] ; clk_50Mhz  ;
; N/A   ; None         ; 10.493 ns  ; compteur:inst2|comp[0] ; seg_out_TOP[6] ; clk_50Mhz  ;
+-------+--------------+------------+------------------------+----------------+------------+


+--------------------------+
; Timing Analyzer Messages ;
+--------------------------+
Info: *******************************************************************
Info: Running Quartus II Classic Timing Analyzer
    Info: Version 9.0 Build 235 06/17/2009 Service Pack 2 SJ Web Edition
    Info: Processing started: Tue Sep 10 08:32:09 2024
Info: Command: quartus_tan --read_settings_files=off --write_settings_files=off projet1tp -c projet1tp --timing_analysis_only
Warning: Found pins functioning as undefined clocks and/or memory enables
    Info: Assuming node "clk_50Mhz" is an undefined clock
Warning: Found 1 node(s) in clock paths which may be acting as ripple and/or gated clocks -- node(s) analyzed as buffer(s) resulting in clock skew
    Info: Detected ripple clock "diviseur:inst1|dout" as buffer
Info: Clock "clk_50Mhz" has Internal fmax of 176.3 MHz between source register "diviseur:inst1|comp[0]" and destination register "diviseur:inst1|comp[18]" (period= 5.672 ns)
    Info: + Longest register to register delay is 5.461 ns
        Info: 1: + IC(0.000 ns) + CELL(0.000 ns) = 0.000 ns; Loc. = LCFF_X17_Y19_N9; Fanout = 2; REG Node = 'diviseur:inst1|comp[0]'
        Info: 2: + IC(0.311 ns) + CELL(0.393 ns) = 0.704 ns; Loc. = LCCOMB_X17_Y19_N8; Fanout = 2; COMB Node = 'diviseur:inst1|Add0~1'
        Info: 3: + IC(0.000 ns) + CELL(0.071 ns) = 0.775 ns; Loc. = LCCOMB_X17_Y19_N10; Fanout = 2; COMB Node = 'diviseur:inst1|Add0~3'
        Info: 4: + IC(0.000 ns) + CELL(0.071 ns) = 0.846 ns; Loc. = LCCOMB_X17_Y19_N12; Fanout = 2; COMB Node = 'diviseur:inst1|Add0~5'
        Info: 5: + IC(0.000 ns) + CELL(0.159 ns) = 1.005 ns; Loc. = LCCOMB_X17_Y19_N14; Fanout = 2; COMB Node = 'diviseur:inst1|Add0~7'
        Info: 6: + IC(0.000 ns) + CELL(0.071 ns) = 1.076 ns; Loc. = LCCOMB_X17_Y19_N16; Fanout = 2; COMB Node = 'diviseur:inst1|Add0~9'
        Info: 7: + IC(0.000 ns) + CELL(0.071 ns) = 1.147 ns; Loc. = LCCOMB_X17_Y19_N18; Fanout = 2; COMB Node = 'diviseur:inst1|Add0~11'
        Info: 8: + IC(0.000 ns) + CELL(0.071 ns) = 1.218 ns; Loc. = LCCOMB_X17_Y19_N20; Fanout = 2; COMB Node = 'diviseur:inst1|Add0~13'
        Info: 9: + IC(0.000 ns) + CELL(0.071 ns) = 1.289 ns; Loc. = LCCOMB_X17_Y19_N22; Fanout = 2; COMB Node = 'diviseur:inst1|Add0~15'
        Info: 10: + IC(0.000 ns) + CELL(0.071 ns) = 1.360 ns; Loc. = LCCOMB_X17_Y19_N24; Fanout = 2; COMB Node = 'diviseur:inst1|Add0~17'
        Info: 11: + IC(0.000 ns) + CELL(0.071 ns) = 1.431 ns; Loc. = LCCOMB_X17_Y19_N26; Fanout = 2; COMB Node = 'diviseur:inst1|Add0~19'
        Info: 12: + IC(0.000 ns) + CELL(0.071 ns) = 1.502 ns; Loc. = LCCOMB_X17_Y19_N28; Fanout = 2; COMB Node = 'diviseur:inst1|Add0~21'
        Info: 13: + IC(0.000 ns) + CELL(0.146 ns) = 1.648 ns; Loc. = LCCOMB_X17_Y19_N30; Fanout = 2; COMB Node = 'diviseur:inst1|Add0~23'
        Info: 14: + IC(0.000 ns) + CELL(0.071 ns) = 1.719 ns; Loc. = LCCOMB_X17_Y18_N0; Fanout = 2; COMB Node = 'diviseur:inst1|Add0~25'
        Info: 15: + IC(0.000 ns) + CELL(0.071 ns) = 1.790 ns; Loc. = LCCOMB_X17_Y18_N2; Fanout = 2; COMB Node = 'diviseur:inst1|Add0~27'
        Info: 16: + IC(0.000 ns) + CELL(0.071 ns) = 1.861 ns; Loc. = LCCOMB_X17_Y18_N4; Fanout = 2; COMB Node = 'diviseur:inst1|Add0~29'
        Info: 17: + IC(0.000 ns) + CELL(0.071 ns) = 1.932 ns; Loc. = LCCOMB_X17_Y18_N6; Fanout = 2; COMB Node = 'diviseur:inst1|Add0~31'
        Info: 18: + IC(0.000 ns) + CELL(0.071 ns) = 2.003 ns; Loc. = LCCOMB_X17_Y18_N8; Fanout = 2; COMB Node = 'diviseur:inst1|Add0~33'
        Info: 19: + IC(0.000 ns) + CELL(0.071 ns) = 2.074 ns; Loc. = LCCOMB_X17_Y18_N10; Fanout = 2; COMB Node = 'diviseur:inst1|Add0~35'
        Info: 20: + IC(0.000 ns) + CELL(0.071 ns) = 2.145 ns; Loc. = LCCOMB_X17_Y18_N12; Fanout = 2; COMB Node = 'diviseur:inst1|Add0~37'
        Info: 21: + IC(0.000 ns) + CELL(0.159 ns) = 2.304 ns; Loc. = LCCOMB_X17_Y18_N14; Fanout = 2; COMB Node = 'diviseur:inst1|Add0~39'
        Info: 22: + IC(0.000 ns) + CELL(0.071 ns) = 2.375 ns; Loc. = LCCOMB_X17_Y18_N16; Fanout = 2; COMB Node = 'diviseur:inst1|Add0~41'
        Info: 23: + IC(0.000 ns) + CELL(0.410 ns) = 2.785 ns; Loc. = LCCOMB_X17_Y18_N18; Fanout = 2; COMB Node = 'diviseur:inst1|Add0~42'
        Info: 24: + IC(0.256 ns) + CELL(0.419 ns) = 3.460 ns; Loc. = LCCOMB_X17_Y18_N28; Fanout = 9; COMB Node = 'diviseur:inst1|Equal0~6'
        Info: 25: + IC(0.735 ns) + CELL(0.150 ns) = 4.345 ns; Loc. = LCCOMB_X17_Y19_N6; Fanout = 5; COMB Node = 'diviseur:inst1|Equal0~7'
        Info: 26: + IC(0.757 ns) + CELL(0.275 ns) = 5.377 ns; Loc. = LCCOMB_X18_Y18_N8; Fanout = 1; COMB Node = 'diviseur:inst1|comp~32'
        Info: 27: + IC(0.000 ns) + CELL(0.084 ns) = 5.461 ns; Loc. = LCFF_X18_Y18_N9; Fanout = 2; REG Node = 'diviseur:inst1|comp[18]'
        Info: Total cell delay = 3.402 ns ( 62.30 % )
        Info: Total interconnect delay = 2.059 ns ( 37.70 % )
    Info: - Smallest clock skew is 0.003 ns
        Info: + Shortest clock path from clock "clk_50Mhz" to destination register is 2.684 ns
            Info: 1: + IC(0.000 ns) + CELL(0.999 ns) = 0.999 ns; Loc. = PIN_N2; Fanout = 2; CLK Node = 'clk_50Mhz'
            Info: 2: + IC(0.118 ns) + CELL(0.000 ns) = 1.117 ns; Loc. = CLKCTRL_G2; Fanout = 26; COMB Node = 'clk_50Mhz~clkctrl'
            Info: 3: + IC(1.030 ns) + CELL(0.537 ns) = 2.684 ns; Loc. = LCFF_X18_Y18_N9; Fanout = 2; REG Node = 'diviseur:inst1|comp[18]'
            Info: Total cell delay = 1.536 ns ( 57.23 % )
            Info: Total interconnect delay = 1.148 ns ( 42.77 % )
        Info: - Longest clock path from clock "clk_50Mhz" to source register is 2.681 ns
            Info: 1: + IC(0.000 ns) + CELL(0.999 ns) = 0.999 ns; Loc. = PIN_N2; Fanout = 2; CLK Node = 'clk_50Mhz'
            Info: 2: + IC(0.118 ns) + CELL(0.000 ns) = 1.117 ns; Loc. = CLKCTRL_G2; Fanout = 26; COMB Node = 'clk_50Mhz~clkctrl'
            Info: 3: + IC(1.027 ns) + CELL(0.537 ns) = 2.681 ns; Loc. = LCFF_X17_Y19_N9; Fanout = 2; REG Node = 'diviseur:inst1|comp[0]'
            Info: Total cell delay = 1.536 ns ( 57.29 % )
            Info: Total interconnect delay = 1.145 ns ( 42.71 % )
    Info: + Micro clock to output delay of source is 0.250 ns
    Info: + Micro setup delay of destination is -0.036 ns
Info: tco from clock "clk_50Mhz" to destination pin "seg_out_TOP[0]" through register "compteur:inst2|comp[2]" is 11.151 ns
    Info: + Longest clock path from clock "clk_50Mhz" to source register is 6.056 ns
        Info: 1: + IC(0.000 ns) + CELL(0.999 ns) = 0.999 ns; Loc. = PIN_N2; Fanout = 2; CLK Node = 'clk_50Mhz'
        Info: 2: + IC(1.039 ns) + CELL(0.787 ns) = 2.825 ns; Loc. = LCFF_X18_Y19_N19; Fanout = 1; REG Node = 'diviseur:inst1|dout'
        Info: 3: + IC(1.640 ns) + CELL(0.000 ns) = 4.465 ns; Loc. = CLKCTRL_G3; Fanout = 4; COMB Node = 'diviseur:inst1|dout~clkctrl'
        Info: 4: + IC(1.054 ns) + CELL(0.537 ns) = 6.056 ns; Loc. = LCFF_X27_Y1_N13; Fanout = 10; REG Node = 'compteur:inst2|comp[2]'
        Info: Total cell delay = 2.323 ns ( 38.36 % )
        Info: Total interconnect delay = 3.733 ns ( 61.64 % )
    Info: + Micro clock to output delay of source is 0.250 ns
    Info: + Longest register to pin delay is 4.845 ns
        Info: 1: + IC(0.000 ns) + CELL(0.000 ns) = 0.000 ns; Loc. = LCFF_X27_Y1_N13; Fanout = 10; REG Node = 'compteur:inst2|comp[2]'
        Info: 2: + IC(0.792 ns) + CELL(0.438 ns) = 1.230 ns; Loc. = LCCOMB_X27_Y1_N8; Fanout = 1; COMB Node = 'decodeur:inst3|Mux6~0'
        Info: 3: + IC(0.817 ns) + CELL(2.798 ns) = 4.845 ns; Loc. = PIN_AF10; Fanout = 0; PIN Node = 'seg_out_TOP[0]'
        Info: Total cell delay = 3.236 ns ( 66.79 % )
        Info: Total interconnect delay = 1.609 ns ( 33.21 % )
Info: Quartus II Classic Timing Analyzer was successful. 0 errors, 2 warnings
    Info: Peak virtual memory: 183 megabytes
    Info: Processing ended: Tue Sep 10 08:32:10 2024
    Info: Elapsed time: 00:00:01
    Info: Total CPU time (on all processors): 00:00:00


