Info: Starting: Create block symbol file (.bsf)
Info: qsys-generate C:\intelFPGA_lite\18.0\BE\Cap\Sopc_Cap.qsys --block-symbol-file --output-directory=C:\intelFPGA_lite\18.0\BE\Cap\Sopc_Cap --family="Cyclone IV E" --part=EP4CE22F17C6
Progress: Loading Cap/Sopc_Cap.qsys
Progress: Reading input file
Progress: Adding avalon_cap_0 [avalon_cap 1.0]
Progress: Parameterizing module avalon_cap_0
Progress: Adding clk_0 [clock_source 18.0]
Progress: Parameterizing module clk_0
Progress: Adding jtag_uart_0 [altera_avalon_jtag_uart 18.0]
Progress: Parameterizing module jtag_uart_0
Progress: Adding nios2_gen2_0 [altera_nios2_gen2 18.0]
Progress: Parameterizing module nios2_gen2_0
Progress: Adding onchip_memory2_0 [altera_avalon_onchip_memory2 18.0]
Progress: Parameterizing module onchip_memory2_0
Progress: Adding sysid_qsys_0 [altera_avalon_sysid_qsys 18.0]
Progress: Parameterizing module sysid_qsys_0
Progress: Building connections
Progress: Parameterizing connections
Progress: Validating
Progress: Done reading input file
Info: Sopc_Cap.jtag_uart_0: JTAG UART IP input clock need to be at least double (2x) the operating frequency of JTAG TCK on board
Info: Sopc_Cap.sysid_qsys_0: System ID is not assigned automatically. Edit the System ID parameter to provide a unique ID
Info: Sopc_Cap.sysid_qsys_0: Time stamp will be automatically updated when this component is generated.
Info: qsys-generate succeeded.
Info: Finished: Create block symbol file (.bsf)
Info: 
Info: Starting: Create HDL design files for synthesis
Info: qsys-generate C:\intelFPGA_lite\18.0\BE\Cap\Sopc_Cap.qsys --synthesis=VHDL --output-directory=C:\intelFPGA_lite\18.0\BE\Cap\Sopc_Cap\synthesis --family="Cyclone IV E" --part=EP4CE22F17C6
Progress: Loading Cap/Sopc_Cap.qsys
Progress: Reading input file
Progress: Adding avalon_cap_0 [avalon_cap 1.0]
Progress: Parameterizing module avalon_cap_0
Progress: Adding clk_0 [clock_source 18.0]
Progress: Parameterizing module clk_0
Progress: Adding jtag_uart_0 [altera_avalon_jtag_uart 18.0]
Progress: Parameterizing module jtag_uart_0
Progress: Adding nios2_gen2_0 [altera_nios2_gen2 18.0]
Progress: Parameterizing module nios2_gen2_0
Progress: Adding onchip_memory2_0 [altera_avalon_onchip_memory2 18.0]
Progress: Parameterizing module onchip_memory2_0
Progress: Adding sysid_qsys_0 [altera_avalon_sysid_qsys 18.0]
Progress: Parameterizing module sysid_qsys_0
Progress: Building connections
Progress: Parameterizing connections
Progress: Validating
Progress: Done reading input file
Info: Sopc_Cap.jtag_uart_0: JTAG UART IP input clock need to be at least double (2x) the operating frequency of JTAG TCK on board
Info: Sopc_Cap.sysid_qsys_0: System ID is not assigned automatically. Edit the System ID parameter to provide a unique ID
Info: Sopc_Cap.sysid_qsys_0: Time stamp will be automatically updated when this component is generated.
Info: Sopc_Cap: Generating Sopc_Cap "Sopc_Cap" for QUARTUS_SYNTH
Info: avalon_cap_0: "Sopc_Cap" instantiated avalon_cap "avalon_cap_0"
Info: jtag_uart_0: Starting RTL generation for module 'Sopc_Cap_jtag_uart_0'
Info: jtag_uart_0:   Generation command is [exec C:/intelfpga_lite/18.0/quartus/bin64/perl/bin/perl.exe -I C:/intelfpga_lite/18.0/quartus/bin64/perl/lib -I C:/intelfpga_lite/18.0/quartus/sopc_builder/bin/europa -I C:/intelfpga_lite/18.0/quartus/sopc_builder/bin/perl_lib -I C:/intelfpga_lite/18.0/quartus/sopc_builder/bin -I C:/intelfpga_lite/18.0/quartus/../ip/altera/sopc_builder_ip/common -I C:/intelfpga_lite/18.0/quartus/../ip/altera/sopc_builder_ip/altera_avalon_jtag_uart -- C:/intelfpga_lite/18.0/quartus/../ip/altera/sopc_builder_ip/altera_avalon_jtag_uart/generate_rtl.pl --name=Sopc_Cap_jtag_uart_0 --dir=C:/Users/maged/AppData/Local/Temp/alt0049_2554394101697502214.dir/0003_jtag_uart_0_gen/ --quartus_dir=C:/intelfpga_lite/18.0/quartus --verilog --config=C:/Users/maged/AppData/Local/Temp/alt0049_2554394101697502214.dir/0003_jtag_uart_0_gen//Sopc_Cap_jtag_uart_0_component_configuration.pl  --do_build_sim=0  ]
Info: jtag_uart_0: Done RTL generation for module 'Sopc_Cap_jtag_uart_0'
Info: jtag_uart_0: "Sopc_Cap" instantiated altera_avalon_jtag_uart "jtag_uart_0"
Info: nios2_gen2_0: "Sopc_Cap" instantiated altera_nios2_gen2 "nios2_gen2_0"
Info: onchip_memory2_0: Starting RTL generation for module 'Sopc_Cap_onchip_memory2_0'
Info: onchip_memory2_0:   Generation command is [exec C:/intelfpga_lite/18.0/quartus/bin64/perl/bin/perl.exe -I C:/intelfpga_lite/18.0/quartus/bin64/perl/lib -I C:/intelfpga_lite/18.0/quartus/sopc_builder/bin/europa -I C:/intelfpga_lite/18.0/quartus/sopc_builder/bin/perl_lib -I C:/intelfpga_lite/18.0/quartus/sopc_builder/bin -I C:/intelfpga_lite/18.0/quartus/../ip/altera/sopc_builder_ip/common -I C:/intelfpga_lite/18.0/quartus/../ip/altera/sopc_builder_ip/altera_avalon_onchip_memory2 -- C:/intelfpga_lite/18.0/quartus/../ip/altera/sopc_builder_ip/altera_avalon_onchip_memory2/generate_rtl.pl --name=Sopc_Cap_onchip_memory2_0 --dir=C:/Users/maged/AppData/Local/Temp/alt0049_2554394101697502214.dir/0004_onchip_memory2_0_gen/ --quartus_dir=C:/intelfpga_lite/18.0/quartus --verilog --config=C:/Users/maged/AppData/Local/Temp/alt0049_2554394101697502214.dir/0004_onchip_memory2_0_gen//Sopc_Cap_onchip_memory2_0_component_configuration.pl  --do_build_sim=0  ]
Info: onchip_memory2_0: Done RTL generation for module 'Sopc_Cap_onchip_memory2_0'
Info: onchip_memory2_0: "Sopc_Cap" instantiated altera_avalon_onchip_memory2 "onchip_memory2_0"
Info: sysid_qsys_0: "Sopc_Cap" instantiated altera_avalon_sysid_qsys "sysid_qsys_0"
Info: avalon_st_adapter: Inserting error_adapter: error_adapter_0
Info: avalon_st_adapter_001: Inserting error_adapter: error_adapter_0
Info: avalon_st_adapter_002: Inserting error_adapter: error_adapter_0
Info: avalon_st_adapter_003: Inserting error_adapter: error_adapter_0
Info: avalon_st_adapter_004: Inserting error_adapter: error_adapter_0
Info: mm_interconnect_0: "Sopc_Cap" instantiated altera_mm_interconnect "mm_interconnect_0"
Info: irq_mapper: "Sopc_Cap" instantiated altera_irq_mapper "irq_mapper"
Info: rst_controller: "Sopc_Cap" instantiated altera_reset_controller "rst_controller"
Info: cpu: Starting RTL generation for module 'Sopc_Cap_nios2_gen2_0_cpu'
Info: cpu:   Generation command is [exec C:/intelFPGA_lite/18.0/quartus/bin64//eperlcmd.exe -I C:/intelFPGA_lite/18.0/quartus/bin64//perl/lib -I C:/intelfpga_lite/18.0/quartus/sopc_builder/bin/europa -I C:/intelfpga_lite/18.0/quartus/sopc_builder/bin/perl_lib -I C:/intelfpga_lite/18.0/quartus/sopc_builder/bin -I C:/intelfpga_lite/18.0/quartus/../ip/altera/nios2_ip/altera_nios2_gen2/cpu_lib -I C:/intelfpga_lite/18.0/quartus/../ip/altera/nios2_ip/altera_nios2_gen2/nios_lib -I C:/intelfpga_lite/18.0/quartus/../ip/altera/nios2_ip/altera_nios2_gen2 -I C:/intelfpga_lite/18.0/quartus/../ip/altera/nios2_ip/altera_nios2_gen2 -- C:/intelfpga_lite/18.0/quartus/../ip/altera/nios2_ip/altera_nios2_gen2/generate_rtl.epl --name=Sopc_Cap_nios2_gen2_0_cpu --dir=C:/Users/maged/AppData/Local/Temp/alt0049_2554394101697502214.dir/0008_cpu_gen/ --quartus_bindir=C:/intelFPGA_lite/18.0/quartus/bin64/ --verilog --config=C:/Users/maged/AppData/Local/Temp/alt0049_2554394101697502214.dir/0008_cpu_gen//Sopc_Cap_nios2_gen2_0_cpu_processor_configuration.pl  --do_build_sim=0  ]
Info: cpu: # 2024.11.22 16:14:31 (*) Starting Nios II generation
Info: cpu: # 2024.11.22 16:14:31 (*)   Checking for plaintext license.
Info: cpu: # 2024.11.22 16:14:33 (*)   Couldn't query license setup in Quartus directory C:/intelFPGA_lite/18.0/quartus/bin64/
Info: cpu: # 2024.11.22 16:14:33 (*)   Defaulting to contents of LM_LICENSE_FILE environment variable
Info: cpu: # 2024.11.22 16:14:33 (*)   LM_LICENSE_FILE environment variable is empty
Info: cpu: # 2024.11.22 16:14:33 (*)   Plaintext license not found.
Info: cpu: # 2024.11.22 16:14:33 (*)   No license required to generate encrypted Nios II/e.
Info: cpu: # 2024.11.22 16:14:33 (*)   Elaborating CPU configuration settings
Info: cpu: # 2024.11.22 16:14:33 (*)   Creating all objects for CPU
Info: cpu: # 2024.11.22 16:14:37 (*)   Generating RTL from CPU objects
Info: cpu: # 2024.11.22 16:14:37 (*)   Creating plain-text RTL
Info: cpu: # 2024.11.22 16:14:39 (*) Done Nios II generation
Info: cpu: Done RTL generation for module 'Sopc_Cap_nios2_gen2_0_cpu'
Info: cpu: "nios2_gen2_0" instantiated altera_nios2_gen2_unit "cpu"
Info: nios2_gen2_0_data_master_translator: "mm_interconnect_0" instantiated altera_merlin_master_translator "nios2_gen2_0_data_master_translator"
Info: jtag_uart_0_avalon_jtag_slave_translator: "mm_interconnect_0" instantiated altera_merlin_slave_translator "jtag_uart_0_avalon_jtag_slave_translator"
Info: nios2_gen2_0_data_master_agent: "mm_interconnect_0" instantiated altera_merlin_master_agent "nios2_gen2_0_data_master_agent"
Info: jtag_uart_0_avalon_jtag_slave_agent: "mm_interconnect_0" instantiated altera_merlin_slave_agent "jtag_uart_0_avalon_jtag_slave_agent"
Info: jtag_uart_0_avalon_jtag_slave_agent_rsp_fifo: "mm_interconnect_0" instantiated altera_avalon_sc_fifo "jtag_uart_0_avalon_jtag_slave_agent_rsp_fifo"
Info: router: "mm_interconnect_0" instantiated altera_merlin_router "router"
Info: router_002: "mm_interconnect_0" instantiated altera_merlin_router "router_002"
Info: cmd_demux: "mm_interconnect_0" instantiated altera_merlin_demultiplexer "cmd_demux"
Info: cmd_mux: "mm_interconnect_0" instantiated altera_merlin_multiplexer "cmd_mux"
Info: rsp_demux: "mm_interconnect_0" instantiated altera_merlin_demultiplexer "rsp_demux"
Info: rsp_mux: "mm_interconnect_0" instantiated altera_merlin_multiplexer "rsp_mux"
Info: Reusing file C:/intelFPGA_lite/18.0/BE/Cap/Sopc_Cap/synthesis/submodules/altera_merlin_arbitrator.sv
Info: avalon_st_adapter: "mm_interconnect_0" instantiated altera_avalon_st_adapter "avalon_st_adapter"
Info: error_adapter_0: "avalon_st_adapter" instantiated error_adapter "error_adapter_0"
Info: Sopc_Cap: Done "Sopc_Cap" with 23 modules, 36 files
Info: qsys-generate succeeded.
Info: Finished: Create HDL design files for synthesis
