11:22:51 **** Incremental Build of configuration Nios II for project avalon_cap ****
make all 
Info: Building ../avalon_cap_bsp/
C:/intelFPGA_lite/18.0/nios2eds/bin/gnu/H-x86_64-mingw32/bin/make --no-print-directory -C ../avalon_cap_bsp/
[BSP build complete]
[avalon_cap build complete]
11:26:05 **** Build of configuration Nios II for project avalon_cap ****
make all 
Info: Building ../avalon_cap_bsp/
C:/intelFPGA_lite/18.0/nios2eds/bin/gnu/H-x86_64-mingw32/bin/make --no-print-directory -C ../avalon_cap_bsp/
[BSP build complete]
[avalon_cap build complete]
11:32:23 **** Build of configuration Nios II for project avalon_cap ****
make all 
Info: Building ../avalon_cap_bsp/
C:/intelFPGA_lite/18.0/nios2eds/bin/gnu/H-x86_64-mingw32/bin/make --no-print-directory -C ../avalon_cap_bsp/
[BSP build complete]
[avalon_cap build complete]
11:32:35 **** Incremental Build of configuration Nios II for project avalon_cap ****
make all 
Info: Building ../avalon_cap_bsp/
C:/intelFPGA_lite/18.0/nios2eds/bin/gnu/H-x86_64-mingw32/bin/make --no-print-directory -C ../avalon_cap_bsp/
[BSP build complete]
[avalon_cap build complete]
11:34:08 **** Build of configuration Nios II for project avalon_cap ****
make all 
Info: Building ../avalon_cap_bsp/
C:/intelFPGA_lite/18.0/nios2eds/bin/gnu/H-x86_64-mingw32/bin/make --no-print-directory -C ../avalon_cap_bsp/
[BSP build complete]
[avalon_cap build complete]
11:34:13 **** Incremental Build of configuration Nios II for project avalon_cap ****
make all 
Info: Building ../avalon_cap_bsp/
C:/intelFPGA_lite/18.0/nios2eds/bin/gnu/H-x86_64-mingw32/bin/make --no-print-directory -C ../avalon_cap_bsp/
[BSP build complete]
[avalon_cap build complete]
11:42:19 **** Build of configuration Nios II for project avalon_cap ****
make all 
Info: Building ../avalon_cap_bsp/
C:/intelFPGA_lite/18.0/nios2eds/bin/gnu/H-x86_64-mingw32/bin/make --no-print-directory -C ../avalon_cap_bsp/
[BSP build complete]
[avalon_cap build complete]
11:42:24 **** Incremental Build of configuration Nios II for project avalon_cap ****
make all 
Info: Building ../avalon_cap_bsp/
C:/intelFPGA_lite/18.0/nios2eds/bin/gnu/H-x86_64-mingw32/bin/make --no-print-directory -C ../avalon_cap_bsp/
[BSP build complete]
[avalon_cap build complete]
